{"C:\\Users\\amartinez\\Desktop\\webpack-boiler\\src\\index.js": {"path":"C:\\Users\\amartinez\\Desktop\\webpack-boiler\\src\\index.js","statementMap":{"0":{"start":{"line":3,"column":19},"end":{"line":3,"column":41}},"1":{"start":{"line":3,"column":25},"end":{"line":3,"column":41}},"2":{"start":{"line":5,"column":0},"end":{"line":5,"column":26}}},"fnMap":{"0":{"name":"(anonymous_0)","decl":{"start":{"line":3,"column":19},"end":{"line":3,"column":20}},"loc":{"start":{"line":3,"column":25},"end":{"line":3,"column":41}},"line":3}},"branchMap":{},"s":{"0":1,"1":2,"2":1},"f":{"0":2},"b":{},"inputSourceMap":null,"_coverageSchema":"1a1c01bbd47fc00a2c39e90264f33305004495a9","hash":"d020985d6733d8b8a9a33e1beca6f9c66ce52cd1"}
,"C:\\Users\\amartinez\\Desktop\\webpack-boiler\\src\\utilities.js": {"path":"C:\\Users\\amartinez\\Desktop\\webpack-boiler\\src\\utilities.js","statementMap":{"0":{"start":{"line":1,"column":23},"end":{"line":1,"column":44}},"1":{"start":{"line":1,"column":29},"end":{"line":1,"column":44}},"2":{"start":{"line":2,"column":22},"end":{"line":2,"column":40}},"3":{"start":{"line":2,"column":31},"end":{"line":2,"column":40}}},"fnMap":{"0":{"name":"(anonymous_0)","decl":{"start":{"line":1,"column":23},"end":{"line":1,"column":24}},"loc":{"start":{"line":1,"column":29},"end":{"line":1,"column":44}},"line":1},"1":{"name":"(anonymous_1)","decl":{"start":{"line":2,"column":22},"end":{"line":2,"column":23}},"loc":{"start":{"line":2,"column":31},"end":{"line":2,"column":40}},"line":2}},"branchMap":{},"s":{"0":1,"1":2,"2":1,"3":0},"f":{"0":2,"1":0},"b":{},"inputSourceMap":null,"_coverageSchema":"1a1c01bbd47fc00a2c39e90264f33305004495a9","hash":"9fb024094bdeafd999f0732318d769e37fd9b811"}
}
